[Mon, 18 May 15 10:12:56 +0200][INFO] SELECT IF(COUNT(*)>0, 1 , 0) FROM `INFORMATION_SCHEMA`.`TABLES` WHERE `TABLE_NAME`='category'
[Mon, 18 May 15 10:12:56 +0200][INFO] DESCRIBE `category`
[Mon, 18 May 15 10:12:56 +0200][INFO] SELECT `category`.`id`, `category`.`division_id`, `category`.`name`, `category`.`description`, `category`.`visibility`, `category`.`status`, `category`.`parent_id`, `category`.`path`, `category`.`ctime`, `category`.`mtime` FROM `category` WHERE `category`.`division_id` = 3
[Mon, 18 May 15 10:13:44 +0200][INFO] SELECT IF(COUNT(*)>0, 1 , 0) FROM `INFORMATION_SCHEMA`.`TABLES` WHERE `TABLE_NAME`='category'
[Mon, 18 May 15 10:13:44 +0200][INFO] DESCRIBE `category`
[Mon, 18 May 15 10:13:44 +0200][INFO] SELECT `category`.`id`, `category`.`division_id`, `category`.`name`, `category`.`description`, `category`.`visibility`, `category`.`status`, `category`.`parent_id`, `category`.`path`, `category`.`ctime`, `category`.`mtime` FROM `category` WHERE `category`.`division_id` = 3
[Mon, 18 May 15 10:14:06 +0200][INFO] SELECT IF(COUNT(*)>0, 1 , 0) FROM `INFORMATION_SCHEMA`.`TABLES` WHERE `TABLE_NAME`='category'
[Mon, 18 May 15 10:14:06 +0200][INFO] DESCRIBE `category`
[Mon, 18 May 15 10:14:06 +0200][INFO] SELECT `category`.`id`, `category`.`division_id`, `category`.`name`, `category`.`description`, `category`.`visibility`, `category`.`status`, `category`.`parent_id`, `category`.`path`, `category`.`ctime`, `category`.`mtime` FROM `category` WHERE `category`.`division_id` = 3
[Mon, 18 May 15 10:14:34 +0200][INFO] SELECT IF(COUNT(*)>0, 1 , 0) FROM `INFORMATION_SCHEMA`.`TABLES` WHERE `TABLE_NAME`='category'
[Mon, 18 May 15 10:14:34 +0200][INFO] DESCRIBE `category`
[Mon, 18 May 15 10:14:34 +0200][INFO] INSERT INTO `category` (`division_id`, `name`, `description`, `visibility`, `status`, `parent_id`, `path`, `mtime`) VALUES (?, ?, ?, ?, ?, ?, ?, null)
[Mon, 18 May 15 10:14:34 +0200][INFO] SELECT IF(COUNT(*)>0, 1 , 0) FROM `INFORMATION_SCHEMA`.`TABLES` WHERE `TABLE_NAME`='category'
[Mon, 18 May 15 10:14:34 +0200][INFO] DESCRIBE `category`
[Mon, 18 May 15 10:14:34 +0200][INFO] SELECT `category`.`id`, `category`.`division_id`, `category`.`name`, `category`.`description`, `category`.`visibility`, `category`.`status`, `category`.`parent_id`, `category`.`path`, `category`.`ctime`, `category`.`mtime` FROM `category` WHERE `category`.`division_id` = 3
[Mon, 18 May 15 10:47:28 +0200][INFO] SELECT IF(COUNT(*)>0, 1 , 0) FROM `INFORMATION_SCHEMA`.`TABLES` WHERE `TABLE_NAME`='category'
[Mon, 18 May 15 10:47:28 +0200][INFO] DESCRIBE `category`
[Mon, 18 May 15 10:47:28 +0200][INFO] SELECT `category`.`id`, `category`.`division_id`, `category`.`name`, `category`.`description`, `category`.`visibility`, `category`.`status`, `category`.`parent_id`, `category`.`path`, `category`.`ctime`, `category`.`mtime` FROM `category` WHERE `category`.`id` = '16' LIMIT :1
[Mon, 18 May 15 10:47:28 +0200][INFO] SELECT `category`.`id`, `category`.`division_id`, `category`.`name`, `category`.`description`, `category`.`visibility`, `category`.`status`, `category`.`parent_id`, `category`.`path`, `category`.`ctime`, `category`.`mtime` FROM `category` WHERE `category`.`division_id` = 3
[Mon, 18 May 15 10:47:28 +0200][INFO] SELECT IF(COUNT(*)>0, 1 , 0) FROM `INFORMATION_SCHEMA`.`TABLES` WHERE `TABLE_NAME`='category'
[Mon, 18 May 15 10:47:28 +0200][INFO] DESCRIBE `category`
[Mon, 18 May 15 10:47:28 +0200][INFO] SELECT `category`.`id`, `category`.`division_id`, `category`.`name`, `category`.`description`, `category`.`visibility`, `category`.`status`, `category`.`parent_id`, `category`.`path`, `category`.`ctime`, `category`.`mtime` FROM `category` WHERE `category`.`id` = 'img' LIMIT :1
[Mon, 18 May 15 10:47:28 +0200][INFO] SELECT `category`.`id`, `category`.`division_id`, `category`.`name`, `category`.`description`, `category`.`visibility`, `category`.`status`, `category`.`parent_id`, `category`.`path`, `category`.`ctime`, `category`.`mtime` FROM `category` WHERE `category`.`division_id` = 3
[Mon, 18 May 15 10:47:28 +0200][INFO] SELECT IF(COUNT(*)>0, 1 , 0) FROM `INFORMATION_SCHEMA`.`TABLES` WHERE `TABLE_NAME`='category'
[Mon, 18 May 15 10:47:28 +0200][INFO] DESCRIBE `category`
[Mon, 18 May 15 10:47:28 +0200][INFO] SELECT `category`.`id`, `category`.`division_id`, `category`.`name`, `category`.`description`, `category`.`visibility`, `category`.`status`, `category`.`parent_id`, `category`.`path`, `category`.`ctime`, `category`.`mtime` FROM `category` WHERE `category`.`id` = 'img' LIMIT :1
[Mon, 18 May 15 10:47:28 +0200][INFO] SELECT `category`.`id`, `category`.`division_id`, `category`.`name`, `category`.`description`, `category`.`visibility`, `category`.`status`, `category`.`parent_id`, `category`.`path`, `category`.`ctime`, `category`.`mtime` FROM `category` WHERE `category`.`division_id` = 3
